<?xml version="1.0" encoding="UTF-8"?>
<testng-results skipped="0" failed="0" total="1" passed="1">
  <reporter-output>
  </reporter-output>
  <suite name="Default suite" duration-ms="6969" started-at="2022-03-20T16:07:43Z" finished-at="2022-03-20T16:07:50Z">
    <groups>
    </groups>
    <test name="Default test" duration-ms="6969" started-at="2022-03-20T16:07:43Z" finished-at="2022-03-20T16:07:50Z">
      <class name="com.abc.OrangeHRMS.Test.LoginPageTest">
        <test-method status="PASS" signature="Browser_Initilisation()[pri:0, instance:com.abc.OrangeHRMS.Test.LoginPageTest@42d80b78]" name="Browser_Initilisation" is-config="true" duration-ms="8328" started-at="2022-03-20T21:37:35Z" finished-at="2022-03-20T21:37:43Z">
          <reporter-output>
          </reporter-output>
        </test-method> <!-- Browser_Initilisation -->
        <test-method status="PASS" signature="Report()[pri:0, instance:com.abc.OrangeHRMS.Test.LoginPageTest@42d80b78]" name="Report" is-config="true" duration-ms="361" started-at="2022-03-20T21:37:43Z" finished-at="2022-03-20T21:37:43Z">
          <reporter-output>
          </reporter-output>
        </test-method> <!-- Report -->
        <test-method status="PASS" signature="ExcelConnect()[pri:0, instance:com.abc.OrangeHRMS.Test.LoginPageTest@42d80b78]" name="ExcelConnect" is-config="true" duration-ms="1615" started-at="2022-03-20T21:37:43Z" depends-on-methods="com.abc.commonfunctionality.Reporter.Report" finished-at="2022-03-20T21:37:45Z">
          <reporter-output>
          </reporter-output>
        </test-method> <!-- ExcelConnect -->
        <test-method status="PASS" signature="TC1()[pri:0, instance:com.abc.OrangeHRMS.Test.LoginPageTest@42d80b78]" name="TC1" duration-ms="4222" started-at="2022-03-20T21:37:45Z" description="Verify that user is able to login successfully with valid credential" finished-at="2022-03-20T21:37:49Z">
          <reporter-output>
          </reporter-output>
        </test-method> <!-- TC1 -->
        <test-method status="PASS" signature="endTest()[pri:0, instance:com.abc.OrangeHRMS.Test.LoginPageTest@42d80b78]" name="endTest" is-config="true" duration-ms="752" started-at="2022-03-20T21:37:49Z" finished-at="2022-03-20T21:37:50Z">
          <reporter-output>
          </reporter-output>
        </test-method> <!-- endTest -->
        <test-method status="PASS" signature="TearDown()[pri:0, instance:com.abc.OrangeHRMS.Test.LoginPageTest@42d80b78]" name="TearDown" is-config="true" duration-ms="909" started-at="2022-03-20T21:37:50Z" finished-at="2022-03-20T21:37:51Z">
          <reporter-output>
          </reporter-output>
        </test-method> <!-- TearDown -->
      </class> <!-- com.abc.OrangeHRMS.Test.LoginPageTest -->
    </test> <!-- Default test -->
  </suite> <!-- Default suite -->
</testng-results>
