<?xml version="1.0" encoding="UTF-8"?>
<testng-results ignored="0" total="1" passed="1" failed="0" skipped="0">
  <reporter-output>
  </reporter-output>
  <suite started-at="2022-08-10T17:46:09 IST" name="Default suite" finished-at="2022-08-10T17:46:21 IST" duration-ms="12354">
    <groups>
    </groups>
    <test started-at="2022-08-10T17:46:09 IST" name="Default test" finished-at="2022-08-10T17:46:21 IST" duration-ms="12354">
      <class name="Elements.test_box">
        <test-method is-config="true" signature="launch()[pri:0, instance:Elements.test_box@4d0f2471]" started-at="2022-08-10T17:46:09 IST" name="launch" finished-at="2022-08-10T17:46:20 IST" duration-ms="10999" status="PASS">
          <reporter-output>
          </reporter-output>
        </test-method> <!-- launch -->
        <test-method signature="web_table()[pri:0, instance:Elements.test_box@4d0f2471]" started-at="2022-08-10T17:46:20 IST" name="web_table" finished-at="2022-08-10T17:46:21 IST" duration-ms="1242" status="PASS">
          <reporter-output>
          </reporter-output>
        </test-method> <!-- web_table -->
      </class> <!-- Elements.test_box -->
    </test> <!-- Default test -->
  </suite> <!-- Default suite -->
</testng-results>
