<?xml version="1.0" encoding="UTF-8"?>
<testng-results ignored="0" total="9" passed="9" failed="0" skipped="0">
  <reporter-output>
  </reporter-output>
  <suite started-at="2022-03-17T15:31:31 IST" name="Default suite" finished-at="2022-03-17T15:31:57 IST" duration-ms="26001">
    <groups>
    </groups>
    <test started-at="2022-03-17T15:31:31 IST" name="Default test" finished-at="2022-03-17T15:31:57 IST" duration-ms="26001">
      <class name="com.infosis.orangehrm.test.login_page_test">
        <test-method is-config="true" signature="launch()[pri:0, instance:com.infosis.orangehrm.test.login_page_test@7bd4937b]" started-at="2022-03-17T15:31:16 IST" name="launch" finished-at="2022-03-17T15:31:31 IST" duration-ms="15361" status="PASS">
          <reporter-output>
          </reporter-output>
        </test-method> <!-- launch -->
        <test-method is-config="true" signature="start_test()[pri:0, instance:com.infosis.orangehrm.test.login_page_test@7bd4937b]" started-at="2022-03-17T15:31:31 IST" name="start_test" finished-at="2022-03-17T15:31:32 IST" duration-ms="262" status="PASS">
          <reporter-output>
          </reporter-output>
        </test-method> <!-- start_test -->
        <test-method signature="sample_text()[pri:1, instance:com.infosis.orangehrm.test.login_page_test@7bd4937b]" started-at="2022-03-17T15:31:32 IST" name="sample_text" finished-at="2022-03-17T15:31:32 IST" duration-ms="137" status="PASS">
          <reporter-output>
          </reporter-output>
        </test-method> <!-- sample_text -->
        <test-method signature="forgot_password()[pri:2, instance:com.infosis.orangehrm.test.login_page_test@7bd4937b]" started-at="2022-03-17T15:31:32 IST" name="forgot_password" finished-at="2022-03-17T15:31:34 IST" duration-ms="1770" status="PASS">
          <reporter-output>
          </reporter-output>
        </test-method> <!-- forgot_password -->
        <test-method signature="login_unsuccessful()[pri:3, instance:com.infosis.orangehrm.test.login_page_test@7bd4937b]" started-at="2022-03-17T15:31:34 IST" name="login_unsuccessful" finished-at="2022-03-17T15:31:37 IST" duration-ms="2982" status="PASS">
          <reporter-output>
          </reporter-output>
        </test-method> <!-- login_unsuccessful -->
        <test-method signature="login_panel_logo()[pri:4, instance:com.infosis.orangehrm.test.login_page_test@7bd4937b]" started-at="2022-03-17T15:31:37 IST" name="login_panel_logo" finished-at="2022-03-17T15:31:37 IST" duration-ms="57" status="PASS">
          <reporter-output>
          </reporter-output>
        </test-method> <!-- login_panel_logo -->
        <test-method signature="Login_panel_text()[pri:5, instance:com.infosis.orangehrm.test.login_page_test@7bd4937b]" started-at="2022-03-17T15:31:37 IST" name="Login_panel_text" finished-at="2022-03-17T15:31:37 IST" duration-ms="112" status="PASS">
          <reporter-output>
          </reporter-output>
        </test-method> <!-- Login_panel_text -->
        <test-method signature="header_logo()[pri:6, instance:com.infosis.orangehrm.test.login_page_test@7bd4937b]" started-at="2022-03-17T15:31:37 IST" name="header_logo" finished-at="2022-03-17T15:31:37 IST" duration-ms="49" status="PASS">
          <reporter-output>
          </reporter-output>
        </test-method> <!-- header_logo -->
        <test-method signature="TC_01_LOGIN_VALIDCREDENTIALS()[pri:7, instance:com.infosis.orangehrm.test.login_page_test@7bd4937b]" started-at="2022-03-17T15:31:37 IST" name="TC_01_LOGIN_VALIDCREDENTIALS" description="TEST CASE FOR VALID LOGIN CREDENTIALS" finished-at="2022-03-17T15:31:46 IST" duration-ms="8923" status="PASS">
          <reporter-output>
          </reporter-output>
        </test-method> <!-- TC_01_LOGIN_VALIDCREDENTIALS -->
        <test-method signature="footer_copyright_link()[pri:8, instance:com.infosis.orangehrm.test.login_page_test@7bd4937b]" started-at="2022-03-17T15:31:46 IST" name="footer_copyright_link" finished-at="2022-03-17T15:31:46 IST" duration-ms="351" status="PASS">
          <reporter-output>
          </reporter-output>
        </test-method> <!-- footer_copyright_link -->
        <test-method signature="social_media_link()[pri:9, instance:com.infosis.orangehrm.test.login_page_test@7bd4937b]" started-at="2022-03-17T15:31:46 IST" name="social_media_link" finished-at="2022-03-17T15:31:56 IST" duration-ms="10104" status="PASS">
          <reporter-output>
          </reporter-output>
        </test-method> <!-- social_media_link -->
        <test-method is-config="true" signature="end_test()[pri:0, instance:com.infosis.orangehrm.test.login_page_test@7bd4937b]" started-at="2022-03-17T15:31:56 IST" name="end_test" finished-at="2022-03-17T15:31:57 IST" duration-ms="1144" status="PASS">
          <reporter-output>
          </reporter-output>
        </test-method> <!-- end_test -->
        <test-method is-config="true" signature="teardown()[pri:0, instance:com.infosis.orangehrm.test.login_page_test@7bd4937b]" started-at="2022-03-17T15:31:57 IST" name="teardown" finished-at="2022-03-17T15:31:59 IST" duration-ms="1414" status="PASS">
          <reporter-output>
          </reporter-output>
        </test-method> <!-- teardown -->
      </class> <!-- com.infosis.orangehrm.test.login_page_test -->
    </test> <!-- Default test -->
  </suite> <!-- Default suite -->
</testng-results>
