<?xml version="1.0" encoding="UTF-8"?>
<!-- Generated by org.testng.reporters.JUnitXMLReporter -->
<testsuite ignored="0" hostname="DESKTOP-6OMH5PA" failures="0" tests="3" name="Default test" time="36.831" errors="0" timestamp="2022-08-17T10:39:25 IST">
  <testcase classname="com.tcs.tests.first_test" name="Orange" time="12.625"/>
  <testcase classname="com.tcs.tests.first_test" name="Apple" time="15.185"/>
  <testcase classname="com.tcs.tests.first_test" name="Mango" time="7.855"/>
</testsuite> <!-- Default test -->
