<?xml version="1.0" encoding="UTF-8"?>
<!-- Generated by org.testng.reporters.JUnitXMLReporter -->
<testsuite ignored="0" hostname="LAPTOP-BPFVO88G" failures="0" tests="9" name="Default test" time="26.001" errors="0" timestamp="2022-03-17T15:31:57 IST">
  <testcase classname="com.infosis.orangehrm.test.login_page_test" name="sample_text" time="0.137"/>
  <testcase classname="com.infosis.orangehrm.test.login_page_test" name="forgot_password" time="1.77"/>
  <testcase classname="com.infosis.orangehrm.test.login_page_test" name="login_unsuccessful" time="2.982"/>
  <testcase classname="com.infosis.orangehrm.test.login_page_test" name="login_panel_logo" time="0.057"/>
  <testcase classname="com.infosis.orangehrm.test.login_page_test" name="Login_panel_text" time="0.112"/>
  <testcase classname="com.infosis.orangehrm.test.login_page_test" name="header_logo" time="0.049"/>
  <testcase classname="com.infosis.orangehrm.test.login_page_test" name="TC_01_LOGIN_VALIDCREDENTIALS" time="8.923"/>
  <testcase classname="com.infosis.orangehrm.test.login_page_test" name="footer_copyright_link" time="0.351"/>
  <testcase classname="com.infosis.orangehrm.test.login_page_test" name="social_media_link" time="10.104"/>
</testsuite> <!-- Default test -->
