<?xml version="1.0" encoding="UTF-8"?>
<!-- Generated by org.testng.reporters.JUnitXMLReporter -->
<testsuite ignored="0" hostname="DESKTOP-6OMH5PA" failures="0" tests="4" name="Default test" time="18.113" errors="0" timestamp="2022-06-03T13:29:32 IST">
  <testcase classname="Launch_page.Launch_page" name="Symbol_displayed" time="0.236"/>
  <testcase classname="Launch_page.Launch_page" name="Option_under_men_module" time="0.611"/>
  <testcase classname="Launch_page.Launch_page" name="Main_module" time="0.419"/>
  <testcase classname="Launch_page.Launch_page" name="Search_Box" time="14.88"/>
</testsuite> <!-- Default test -->
