<?xml version="1.0" encoding="UTF-8"?>
<testng-results ignored="0" total="3" passed="3" failed="0" skipped="0">
  <reporter-output>
  </reporter-output>
  <suite started-at="2022-08-17T10:38:48 IST" name="Default suite" finished-at="2022-08-17T10:39:25 IST" duration-ms="36831">
    <groups>
    </groups>
    <test started-at="2022-08-17T10:38:48 IST" name="Default test" finished-at="2022-08-17T10:39:25 IST" duration-ms="36831">
      <class name="com.tcs.tests.first_test">
        <test-method is-config="true" signature="launch()[pri:0, instance:com.tcs.tests.first_test@f736069]" started-at="2022-08-17T10:38:37 IST" name="launch" finished-at="2022-08-17T10:38:48 IST" duration-ms="11738" status="PASS">
          <reporter-output>
          </reporter-output>
        </test-method> <!-- launch -->
        <test-method is-config="true" signature="ExcelConnect()[pri:0, instance:com.tcs.tests.first_test@f736069]" started-at="2022-08-17T10:38:48 IST" name="ExcelConnect" finished-at="2022-08-17T10:38:49 IST" duration-ms="1106" status="PASS">
          <reporter-output>
          </reporter-output>
        </test-method> <!-- ExcelConnect -->
        <test-method signature="Orange()[pri:1, instance:com.tcs.tests.first_test@f736069]" started-at="2022-08-17T10:38:49 IST" name="Orange" finished-at="2022-08-17T10:39:02 IST" duration-ms="12625" status="PASS">
          <reporter-output>
          </reporter-output>
        </test-method> <!-- Orange -->
        <test-method signature="Apple()[pri:2, instance:com.tcs.tests.first_test@f736069]" started-at="2022-08-17T10:39:02 IST" name="Apple" finished-at="2022-08-17T10:39:17 IST" duration-ms="15185" status="PASS">
          <reporter-output>
          </reporter-output>
        </test-method> <!-- Apple -->
        <test-method signature="Mango()[pri:3, instance:com.tcs.tests.first_test@f736069]" started-at="2022-08-17T10:39:17 IST" name="Mango" finished-at="2022-08-17T10:39:25 IST" duration-ms="7855" status="PASS">
          <reporter-output>
          </reporter-output>
        </test-method> <!-- Mango -->
        <test-method is-config="true" signature="teardown()[pri:0, instance:com.tcs.tests.first_test@f736069]" started-at="2022-08-17T10:39:25 IST" name="teardown" finished-at="2022-08-17T10:39:26 IST" duration-ms="743" status="PASS">
          <reporter-output>
          </reporter-output>
        </test-method> <!-- teardown -->
      </class> <!-- com.tcs.tests.first_test -->
    </test> <!-- Default test -->
  </suite> <!-- Default suite -->
</testng-results>
