<?xml version="1.0" encoding="UTF-8"?>
<!-- Generated by org.testng.reporters.JUnitXMLReporter -->
<testsuite ignored="0" hostname="DESKTOP-6OMH5PA" failures="0" tests="4" name="Default test" time="8.203" errors="0" timestamp="2022-07-28T10:06:08 IST">
  <testcase classname="com.restapi_testng.test" name="posttest" time="5.414"/>
  <testcase classname="com.restapi_testng.test" name="gettest" time="0.318"/>
  <testcase classname="com.restapi_testng.test" name="puttest" time="0.38"/>
  <testcase classname="com.restapi_testng.test" name="deletetest" time="0.31"/>
</testsuite> <!-- Default test -->
