<?xml version="1.0" encoding="UTF-8"?>
<!-- Generated by org.testng.reporters.JUnitXMLReporter -->
<testsuite hostname="DESKTOP-6OMH5PA" failures="2" tests="9" name="Test" time="18.8" errors="0" timestamp="8 Jul 2022 05:54:16 GMT">
  <testcase classname="DOM.INFOSYS.ORANGE_HRM.LOGIN" name="TC_02_sample_text" time="0.103"/>
  <testcase classname="DOM.INFOSYS.ORANGE_HRM.LOGIN" name="TC_04_login_panel_logo" time="0.027"/>
  <testcase classname="DOM.INFOSYS.ORANGE_HRM.LOGIN" name="TC_05_header_logo" time="0.029"/>
  <testcase classname="DOM.INFOSYS.ORANGE_HRM.LOGIN" name="TC_06_Login_panel_text" time="0.018"/>
  <testcase classname="DOM.INFOSYS.ORANGE_HRM.LOGIN" name="TC_07_forgot_password" time="4.025"/>
  <testcase classname="DOM.INFOSYS.ORANGE_HRM.LOGIN" name="TC_03_login_unsuccessful" time="0.0">
    <failure type="java.lang.NullPointerException" message="Cannot invoke &amp;quot;org.apache.poi.ss.usermodel.Cell.getStringCellValue()&amp;quot; because the return value of &amp;quot;org.apache.poi.ss.usermodel.Row.getCell(int)&amp;quot; is null">
      <![CDATA[java.lang.NullPointerException: Cannot invoke "org.apache.poi.ss.usermodel.Cell.getStringCellValue()" because the return value of "org.apache.poi.ss.usermodel.Row.getCell(int)" is null
	at DOM.INFOSYS.COMMONFUNCTIONALITY.EXCEL_REPORT.getStringCellData(EXCEL_REPORT.java:46)
	at DOM.INFOSYS.ORANGE_HRM.LOGIN.TC_03_login_unsuccessful(LOGIN.java:55)
	at org.apache.maven.surefire.testng.TestNGExecutor.run(TestNGExecutor.java:284)
	at org.apache.maven.surefire.testng.TestNGXmlTestSuite.execute(TestNGXmlTestSuite.java:75)
	at org.apache.maven.surefire.testng.TestNGProvider.invoke(TestNGProvider.java:119)
	at org.apache.maven.surefire.booter.ForkedBooter.runSuitesInProcess(ForkedBooter.java:428)
	at org.apache.maven.surefire.booter.ForkedBooter.execute(ForkedBooter.java:162)
	at org.apache.maven.surefire.booter.ForkedBooter.run(ForkedBooter.java:562)
	at org.apache.maven.surefire.booter.ForkedBooter.main(ForkedBooter.java:548)
... Removed 21 stack frames]]>
    </failure>
  </testcase> <!-- TC_03_login_unsuccessful -->
  <testcase classname="DOM.INFOSYS.ORANGE_HRM.LOGIN" name="TC_01_LOGIN_VALIDCREDENTIALS" time="0.038">
    <failure type="java.lang.NullPointerException" message="Cannot invoke &amp;quot;org.apache.poi.ss.usermodel.Cell.getStringCellValue()&amp;quot; because the return value of &amp;quot;org.apache.poi.ss.usermodel.Row.getCell(int)&amp;quot; is null">
      <![CDATA[java.lang.NullPointerException: Cannot invoke "org.apache.poi.ss.usermodel.Cell.getStringCellValue()" because the return value of "org.apache.poi.ss.usermodel.Row.getCell(int)" is null
	at DOM.INFOSYS.COMMONFUNCTIONALITY.EXCEL_REPORT.getStringCellData(EXCEL_REPORT.java:46)
	at DOM.INFOSYS.ORANGE_HRM.LOGIN.TC_01_LOGIN_VALIDCREDENTIALS(LOGIN.java:21)
	at org.apache.maven.surefire.testng.TestNGExecutor.run(TestNGExecutor.java:284)
	at org.apache.maven.surefire.testng.TestNGXmlTestSuite.execute(TestNGXmlTestSuite.java:75)
	at org.apache.maven.surefire.testng.TestNGProvider.invoke(TestNGProvider.java:119)
	at org.apache.maven.surefire.booter.ForkedBooter.runSuitesInProcess(ForkedBooter.java:428)
	at org.apache.maven.surefire.booter.ForkedBooter.execute(ForkedBooter.java:162)
	at org.apache.maven.surefire.booter.ForkedBooter.run(ForkedBooter.java:562)
	at org.apache.maven.surefire.booter.ForkedBooter.main(ForkedBooter.java:548)
... Removed 21 stack frames]]>
    </failure>
  </testcase> <!-- TC_01_LOGIN_VALIDCREDENTIALS -->
  <testcase classname="DOM.INFOSYS.ORANGE_HRM.LOGIN" name="TC_08_footer_copyright_link" time="3.122"/>
  <testcase classname="DOM.INFOSYS.ORANGE_HRM.LOGIN" name="TC_09_social_media_link" time="9.666"/>
</testsuite> <!-- Test -->
