<?xml version="1.0" encoding="UTF-8"?>
<testsuite xmlns:xsi="http://www.w3.org/2001/XMLSchema-instance" xsi:noNamespaceSchemaLocation="https://maven.apache.org/surefire/maven-surefire-plugin/xsd/surefire-test-report-3.0.xsd" version="3.0" name="TestSuite" time="26.99" tests="9" errors="0" skipped="0" failures="2">
  <properties>
[...]
</properties>
  <testcase name="TC_02_sample_text" classname="DOM.INFOSYS.ORANGE_HRM.LOGIN" time="0.095">
    <system-err><![CDATA[Starting ChromeDriver 102.0.5005.61 (0e59bcc00cc4985ce39ad31c150065f159d95ad3-refs/branch-heads/5005@{#819}) on port 13078
Only local connections are allowed.
Please see https://chromedriver.chromium.org/security-considerations for suggestions on keeping ChromeDriver safe.
ChromeDriver was started successfully.
Jul 08, 2022 11:23:54 AM org.openqa.selenium.remote.ProtocolHandshake createSession
INFO: Detected dialect: W3C
]]></system-err>
  </testcase>
  <testcase name="TC_04_login_panel_logo" classname="DOM.INFOSYS.ORANGE_HRM.LOGIN" time="0.026"/>
  <testcase name="TC_05_header_logo" classname="DOM.INFOSYS.ORANGE_HRM.LOGIN" time="0.028"/>
  <testcase name="TC_06_Login_panel_text" classname="DOM.INFOSYS.ORANGE_HRM.LOGIN" time="0.018"/>
  <testcase name="TC_07_forgot_password" classname="DOM.INFOSYS.ORANGE_HRM.LOGIN" time="4.025"/>
  <testcase name="TC_03_login_unsuccessful" classname="DOM.INFOSYS.ORANGE_HRM.LOGIN" time="0.015">
    <failure message="Cannot invoke &quot;org.apache.poi.ss.usermodel.Cell.getStringCellValue()&quot; because the return value of &quot;org.apache.poi.ss.usermodel.Row.getCell(int)&quot; is null" type="java.lang.NullPointerException"><![CDATA[java.lang.NullPointerException: Cannot invoke "org.apache.poi.ss.usermodel.Cell.getStringCellValue()" because the return value of "org.apache.poi.ss.usermodel.Row.getCell(int)" is null
	at DOM.INFOSYS.ORANGE_HRM.LOGIN.TC_03_login_unsuccessful(LOGIN.java:55)
]]></failure>
  </testcase>
  <testcase name="TC_01_LOGIN_VALIDCREDENTIALS" classname="DOM.INFOSYS.ORANGE_HRM.LOGIN" time="0.039">
    <failure message="Cannot invoke &quot;org.apache.poi.ss.usermodel.Cell.getStringCellValue()&quot; because the return value of &quot;org.apache.poi.ss.usermodel.Row.getCell(int)&quot; is null" type="java.lang.NullPointerException"><![CDATA[java.lang.NullPointerException: Cannot invoke "org.apache.poi.ss.usermodel.Cell.getStringCellValue()" because the return value of "org.apache.poi.ss.usermodel.Row.getCell(int)" is null
	at DOM.INFOSYS.ORANGE_HRM.LOGIN.TC_01_LOGIN_VALIDCREDENTIALS(LOGIN.java:21)
]]></failure>
  </testcase>
  <testcase name="TC_08_footer_copyright_link" classname="DOM.INFOSYS.ORANGE_HRM.LOGIN" time="3.122"/>
  <testcase name="TC_09_social_media_link" classname="DOM.INFOSYS.ORANGE_HRM.LOGIN" time="9.666"/>
</testsuite>