<?xml version="1.0" encoding="UTF-8"?>
<testng-results ignored="0" total="1" passed="1" failed="0" skipped="0">
  <reporter-output>
  </reporter-output>
  <suite started-at="2022-07-11T18:43:35 IST" name="Default suite" finished-at="2022-07-11T18:43:36 IST" duration-ms="993">
    <groups>
    </groups>
    <test started-at="2022-07-11T18:43:35 IST" name="Default test" finished-at="2022-07-11T18:43:36 IST" duration-ms="993">
      <class name="TCS.colour_testing">
        <test-method is-config="true" signature="common()[pri:0, instance:TCS.colour_testing@29d89d5d]" started-at="2022-07-11T18:43:24 IST" name="common" finished-at="2022-07-11T18:43:35 IST" duration-ms="11008" status="PASS">
          <reporter-output>
          </reporter-output>
        </test-method> <!-- common -->
        <test-method is-config="true" signature="preq()[pri:0, instance:TCS.colour_testing@29d89d5d]" started-at="2022-07-11T18:43:35 IST" name="preq" finished-at="2022-07-11T18:43:36 IST" duration-ms="814" status="PASS">
          <reporter-output>
          </reporter-output>
        </test-method> <!-- preq -->
        <test-method signature="TC1()[pri:0, instance:TCS.colour_testing@29d89d5d]" started-at="2022-07-11T18:43:36 IST" name="TC1" description="verify colour of submit btn" finished-at="2022-07-11T18:43:36 IST" duration-ms="105" status="PASS">
          <reporter-output>
          </reporter-output>
        </test-method> <!-- TC1 -->
      </class> <!-- TCS.colour_testing -->
    </test> <!-- Default test -->
  </suite> <!-- Default suite -->
</testng-results>
