<?xml version="1.0" encoding="UTF-8"?>
<!-- Generated by org.testng.reporters.JUnitXMLReporter -->
<testsuite ignored="0" hostname="DESKTOP-6OMH5PA" failures="0" tests="6" name="Test" time="0.109" errors="0" timestamp="2022-07-08T15:47:54 IST">
  <testcase classname="PRACTICE.ANNOTATIONS" name="test3" time="0.01"/>
  <testcase classname="PRACTICE.ANNOTATIONS" name="test1" time="0.002"/>
  <testcase classname="PRACTICE.ANNOTATIONS" name="test2" time="0.002"/>
  <testcase classname="PRACTICE.ANNOTATIONS2" name="test4" time="0.002"/>
  <testcase classname="PRACTICE.ANNOTATIONS2" name="test5" time="0.004"/>
  <testcase classname="PRACTICE.ANNOTATIONS2" name="test6" time="0.002"/>
</testsuite> <!-- Test -->
