<?xml version="1.0" encoding="UTF-8"?>
<!-- Generated by org.testng.reporters.JUnitXMLReporter -->
<testsuite ignored="2" hostname="LAPTOP-BPFVO88G" failures="0" tests="1" name="Default test(failed)" time="0.144" errors="0" timestamp="2022-05-10T10:19:29 IST">
  <testcase classname="PRACTICE.ANNOTATIONS" name="test2" time="0.017"/>
  <testcase classname="PRACTICE.ANNOTATIONS" name="test3" time="0.0">
    <ignored/>
  </testcase> <!-- test3 -->
  <testcase classname="PRACTICE.ANNOTATIONS" name="test1" time="0.0">
    <ignored/>
  </testcase> <!-- test1 -->
</testsuite> <!-- Default test(failed) -->
